
running: check_fortran_compiler
 mpiifort -WB -convert big_endian -assume byterecl -mcmodel=medium -shared-intel -O3 -align -c genmake_tcomp.f
 mpiifort -WB -convert big_endian -assume byterecl -mcmodel=medium -shared-intel -O3 -align -o genmake_tcomp genmake_tcomp.o -L/sw/eb/sw/netCDF-Fortran/4.5.3-iimpi-2020b/lib -lnetcdff -L/sw/eb/sw/impi/2019.9.304-iccifort-2020.4.304/lib64 -lmpi
 mpirun -np 1 ./genmake_tcomp
 hello world :            1
 hello world :            2
 hello world :            3
 --> set FC_CHECK= 5 /5

running: look_for_makedepend()
 --> set MAKEDEPEND=$(TOOLSDIR)/xmakedepend

running: check_HAVE_CLOC()
 running: get_fortran_c_namemangling()
 mpiicc -c genmake_test.c
genmake_test.c(1): warning #266: function "tsub" declared implicitly
  void tcall( char * string ) { tsub( string ); }
                                ^

 mpiifort -WB -convert big_endian -assume byterecl -mcmodel=medium -shared-intel -c genmake_tcomp.f
 --> set FC_NAMEMANGLE='#define FC_NAMEMANGLE(X)  X ## _'
mpiicc -c genmake_tc_1.c
mpiifort -WB -convert big_endian -assume byterecl -mcmodel=medium -shared-intel -o genmake_tc genmake_tc_2.f genmake_tc_1.o
  HELLO WORLD   1649225477.75016     
 --> set HAVE_CLOC='t'

running: check_HAVE_SETRLSTK()
mpiicc -c genmake_tc_1.c
      program hello
      external setrlstk
      call setrlstk()
      end
mpiifort -WB -convert big_endian -assume byterecl -mcmodel=medium -shared-intel -o genmake_tc genmake_tc_2.f genmake_tc_1.o
 --> set HAVE_SETRLSTK='t'

running: check_HAVE_SIGREG()
mpiicc -c genmake_tc_1.c
      program hello
      integer anint
      common /iv/ anint
      external sigreg
      call sigreg(anint)
      end
mpiifort -WB -convert big_endian -assume byterecl -mcmodel=medium -shared-intel -o genmake_tc genmake_tc_2.f genmake_tc_1.o
 --> set HAVE_SIGREG='t'

running: check_HAVE_STAT()
mpiicc -c genmake_tc_1.c
      program hello
      integer nbyte
      call tfsize(nbyte)
      print *," HELLO WORLD", nbyte
      end
mpiifort -WB -convert big_endian -assume byterecl -mcmodel=medium -shared-intel -o genmake_tc genmake_tc_2.f genmake_tc_1.o
 --> set HAVE_STAT='t'

running: check_netcdf_libs()
===  genmake_tnc.F  >>>
      program fgennc
#include "netcdf.inc"
      integer iret, ncid, xid
      iret = nf_create('genmake_tnc.nc', NF_CLOBBER, ncid)
      IF (iret .NE. NF_NOERR) write(*,*) NF_STRERROR(iret)
      iret = nf_def_dim(ncid, 'X', 11, xid)
      IF (iret .NE. NF_NOERR) write(*,*) NF_STRERROR(iret)
      iret = nf_close(ncid)
      IF (iret .NE. NF_NOERR) write(*,*) NF_STRERROR(iret)
      end
<<<  genmake_tnc.F  ===
cat genmake_tnc.F |  /lib/cpp  -traditional -P -DWORDLENGTH=4 -DALLOW_USE_MPI -DALWAYS_USE_MPI -DALLOW_USE_MPI -DHAVE_SYSTEM -DHAVE_FDATE -DHAVE_ETIME_FCT -DHAVE_CLOC -DHAVE_SETRLSTK -DHAVE_SIGREG -DHAVE_STAT -I/sw/eb/sw/netCDF-Fortran/4.5.3-iimpi-2020b/include -I/sw/eb/sw/netCDF-Fortran/4.5.3-iimpi-2020b/include -I/sw/eb/sw/impi/2019.9.304-iccifort-2020.4.304/include64
mpiifort  -WB -convert big_endian -assume byterecl -mcmodel=medium -shared-intel -O3 -align  -c genmake_tnc.f  \ 
  &&  mpiifort  -WB -convert big_endian -assume byterecl -mcmodel=medium -shared-intel -O3 -align  -o genmake_tnc genmake_tnc.o -L/sw/eb/sw/netCDF-Fortran/4.5.3-iimpi-2020b/lib -lnetcdff -L/sw/eb/sw/impi/2019.9.304-iccifort-2020.4.304/lib64 -lmpi
check_netcdf: successful
 --> set HAVE_NETCDF='t'

running: check_HAVE_FLUSH()
  check_HAVE_FLUSH: successful
 --> set HAVE_FLUSH='t'
